# JRE version: Java(TM) SE Runtime Environment (8.0_144-b01) (build 1.8.0_144-b01)
# Java VM: Java HotSpot(TM) 64-Bit Server VM (25.144-b01 mixed mode windows-amd64 compressed oops)
Heap:
 PSYoungGen      total 231424K, used 231401K [0x00000000d6000000, 0x00000000e6400000, 0x0000000100000000)
  eden space 208384K, 100% used [0x00000000d6000000,0x00000000e2b80000,0x00000000e2b80000)
  from space 23040K, 99% used [0x00000000e2b80000,0x00000000e41fa638,0x00000000e4200000)
  to   space 16384K, 99% used [0x00000000e4200000,0x00000000e51f92f0,0x00000000e5200000)
 ParOldGen       total 67072K, used 67070K [0x0000000082000000, 0x0000000086180000, 0x00000000d6000000)
  object space 67072K, 99% used [0x0000000082000000,0x000000008617fb30,0x0000000086180000)
 Metaspace       used 23917K, capacity 24578K, committed 24752K, reserved 1071104K
  class space    used 2783K, capacity 2935K, committed 2992K, reserved 1048576K
GC Heap History (10 events):
Event: 13.325 GC heap after
Heap after GC invocations=6 (full 0):
 PSYoungGen      total 140800K, used 8924K [0x00000000d6000000, 0x00000000df500000, 0x0000000100000000)
  eden space 130560K, 0% used [0x00000000d6000000,0x00000000d6000000,0x00000000ddf80000)
  from space 10240K, 87% used [0x00000000dea00000,0x00000000df2b7150,0x00000000df400000)
  to   space 10752K, 0% used [0x00000000ddf80000,0x00000000ddf80000,0x00000000dea00000)
 ParOldGen       total 86016K, used 12236K [0x0000000082000000, 0x0000000087400000, 0x00000000d6000000)
  object space 86016K, 14% used [0x0000000082000000,0x0000000082bf31c0,0x0000000087400000)
 Metaspace       used 20716K, capacity 21236K, committed 21296K, reserved 1069056K
  class space    used 2432K, capacity 2590K, committed 2608K, reserved 1048576K
}
Event: 13.325 GC heap before
{Heap before GC invocations=7 (full 1):
 PSYoungGen      total 140800K, used 8924K [0x00000000d6000000, 0x00000000df500000, 0x0000000100000000)
  eden space 130560K, 0% used [0x00000000d6000000,0x00000000d6000000,0x00000000ddf80000)
  from space 10240K, 87% used [0x00000000dea00000,0x00000000df2b7150,0x00000000df400000)
  to   space 10752K, 0% used [0x00000000ddf80000,0x00000000ddf80000,0x00000000dea00000)
 ParOldGen       total 86016K, used 12236K [0x0000000082000000, 0x0000000087400000, 0x00000000d6000000)
  object space 86016K, 14% used [0x0000000082000000,0x0000000082bf31c0,0x0000000087400000)
 Metaspace       used 20716K, capacity 21236K, committed 21296K, reserved 1069056K
  class space    used 2432K, capacity 2590K, committed 2608K, reserved 1048576K
Event: 13.462 GC heap after
Heap after GC invocations=7 (full 1):
 PSYoungGen      total 140800K, used 0K [0x00000000d6000000, 0x00000000df500000, 0x0000000100000000)
  eden space 130560K, 0% used [0x00000000d6000000,0x00000000d6000000,0x00000000ddf80000)
  from space 10240K, 0% used [0x00000000dea00000,0x00000000dea00000,0x00000000df400000)
  to   space 10752K, 0% used [0x00000000ddf80000,0x00000000ddf80000,0x00000000dea00000)
 ParOldGen       total 64512K, used 14544K [0x0000000082000000, 0x0000000085f00000, 0x00000000d6000000)
  object space 64512K, 22% used [0x0000000082000000,0x0000000082e34310,0x0000000085f00000)
 Metaspace       used 20716K, capacity 21236K, committed 21296K, reserved 1069056K
  class space    used 2432K, capacity 2590K, committed 2608K, reserved 1048576K
}
Event: 15.368 GC heap before
{Heap before GC invocations=8 (full 1):
 PSYoungGen      total 140800K, used 130560K [0x00000000d6000000, 0x00000000df500000, 0x0000000100000000)
  eden space 130560K, 100% used [0x00000000d6000000,0x00000000ddf80000,0x00000000ddf80000)
  from space 10240K, 0% used [0x00000000dea00000,0x00000000dea00000,0x00000000df400000)
  to   space 10752K, 0% used [0x00000000ddf80000,0x00000000ddf80000,0x00000000dea00000)
 ParOldGen       total 64512K, used 14544K [0x0000000082000000, 0x0000000085f00000, 0x00000000d6000000)
  object space 64512K, 22% used [0x0000000082000000,0x0000000082e34310,0x0000000085f00000)
 Metaspace       used 23882K, capacity 24504K, committed 24752K, reserved 1071104K
  class space    used 2778K, capacity 2933K, committed 2992K, reserved 1048576K
Event: 15.408 GC heap after
Heap after GC invocations=8 (full 1):
 PSYoungGen      total 141312K, used 10736K [0x00000000d6000000, 0x00000000e5200000, 0x0000000100000000)
  eden space 130560K, 0% used [0x00000000d6000000,0x00000000d6000000,0x00000000ddf80000)
  from space 10752K, 99% used [0x00000000ddf80000,0x00000000de9fc080,0x00000000dea00000)
  to   space 16384K, 0% used [0x00000000e4200000,0x00000000e4200000,0x00000000e5200000)
 ParOldGen       total 64512K, used 23704K [0x0000000082000000, 0x0000000085f00000, 0x00000000d6000000)
  object space 64512K, 36% used [0x0000000082000000,0x00000000837263b8,0x0000000085f00000)
 Metaspace       used 23882K, capacity 24504K, committed 24752K, reserved 1071104K
  class space    used 2778K, capacity 2933K, committed 2992K, reserved 1048576K
}
Event: 16.277 GC heap before
{Heap before GC invocations=9 (full 1):
 PSYoungGen      total 141312K, used 141296K [0x00000000d6000000, 0x00000000e5200000, 0x0000000100000000)
  eden space 130560K, 100% used [0x00000000d6000000,0x00000000ddf80000,0x00000000ddf80000)
  from space 10752K, 99% used [0x00000000ddf80000,0x00000000de9fc080,0x00000000dea00000)
  to   space 16384K, 0% used [0x00000000e4200000,0x00000000e4200000,0x00000000e5200000)
 ParOldGen       total 64512K, used 23704K [0x0000000082000000, 0x0000000085f00000, 0x00000000d6000000)
  object space 64512K, 36% used [0x0000000082000000,0x00000000837263b8,0x0000000085f00000)
 Metaspace       used 23910K, capacity 24514K, committed 24752K, reserved 1071104K
  class space    used 2783K, capacity 2935K, committed 2992K, reserved 1048576K
Event: 16.307 GC heap after
Heap after GC invocations=9 (full 1):
 PSYoungGen      total 224768K, used 16383K [0x00000000d6000000, 0x00000000e6400000, 0x0000000100000000)
  eden space 208384K, 0% used [0x00000000d6000000,0x00000000d6000000,0x00000000e2b80000)
  from space 16384K, 99% used [0x00000000e4200000,0x00000000e51ffd30,0x00000000e5200000)
  to   space 23040K, 0% used [0x00000000e2b80000,0x00000000e2b80000,0x00000000e4200000)
 ParOldGen       total 64512K, used 33711K [0x0000000082000000, 0x0000000085f00000, 0x00000000d6000000)
  object space 64512K, 52% used [0x0000000082000000,0x00000000840ebe00,0x0000000085f00000)
 Metaspace       used 23910K, capacity 24514K, committed 24752K, reserved 1071104K
  class space    used 2783K, capacity 2935K, committed 2992K, reserved 1048576K
}
Event: 17.487 GC heap before
{Heap before GC invocations=10 (full 1):
 PSYoungGen      total 224768K, used 224767K [0x00000000d6000000, 0x00000000e6400000, 0x0000000100000000)
  eden space 208384K, 100% used [0x00000000d6000000,0x00000000e2b80000,0x00000000e2b80000)
  from space 16384K, 99% used [0x00000000e4200000,0x00000000e51ffd30,0x00000000e5200000)
  to   space 23040K, 0% used [0x00000000e2b80000,0x00000000e2b80000,0x00000000e4200000)
 ParOldGen       total 64512K, used 33711K [0x0000000082000000, 0x0000000085f00000, 0x00000000d6000000)
  object space 64512K, 52% used [0x0000000082000000,0x00000000840ebe00,0x0000000085f00000)
 Metaspace       used 23915K, capacity 24578K, committed 24752K, reserved 1071104K
  class space    used 2783K, capacity 2935K, committed 2992K, reserved 1048576K
Event: 17.542 GC heap after
Heap after GC invocations=10 (full 1):
 PSYoungGen      total 231424K, used 23017K [0x00000000d6000000, 0x00000000e6400000, 0x0000000100000000)
  eden space 208384K, 0% used [0x00000000d6000000,0x00000000d6000000,0x00000000e2b80000)
  from space 23040K, 99% used [0x00000000e2b80000,0x00000000e41fa638,0x00000000e4200000)
  to   space 16384K, 0% used [0x00000000e4200000,0x00000000e4200000,0x00000000e5200000)
 ParOldGen       total 64512K, used 49939K [0x0000000082000000, 0x0000000085f00000, 0x00000000d6000000)
  object space 64512K, 77% used [0x0000000082000000,0x00000000850c4d08,0x0000000085f00000)
 Metaspace       used 23915K, capacity 24578K, committed 24752K, reserved 1071104K
  class space    used 2783K, capacity 2935K, committed 2992K, reserved 1048576K
}
Event: 18.753 GC heap before
{Heap before GC invocations=11 (full 1):
 PSYoungGen      total 231424K, used 231401K [0x00000000d6000000, 0x00000000e6400000, 0x0000000100000000)
  eden space 208384K, 100% used [0x00000000d6000000,0x00000000e2b80000,0x00000000e2b80000)
  from space 23040K, 99% used [0x00000000e2b80000,0x00000000e41fa638,0x00000000e4200000)
  to   space 16384K, 0% used [0x00000000e4200000,0x00000000e4200000,0x00000000e5200000)
 ParOldGen       total 64512K, used 49939K [0x0000000082000000, 0x0000000085f00000, 0x00000000d6000000)
  object space 64512K, 77% used [0x0000000082000000,0x00000000850c4d08,0x0000000085f00000)
 Metaspace       used 23917K, capacity 24578K, committed 24752K, reserved 1071104K
  class space    used 2783K, capacity 2935K, committed 2992K, reserved 1048576K

