# JRE version: Java(TM) SE Runtime Environment (8.0_144-b01) (build 1.8.0_144-b01)
# Java VM: Java HotSpot(TM) 64-Bit Server VM (25.144-b01 mixed mode windows-amd64 compressed oops)
Heap:
 PSYoungGen      total 222208K, used 191610K [0x00000000d6000000, 0x00000000e5a80000, 0x0000000100000000)
  eden space 195584K, 86% used [0x00000000d6000000,0x00000000e0513a60,0x00000000e1f00000)
  from space 26624K, 84% used [0x00000000e3b00000,0x00000000e510afb0,0x00000000e5500000)
  to   space 28672K, 0% used [0x00000000e1f00000,0x00000000e1f00000,0x00000000e3b00000)
 ParOldGen       total 64000K, used 45785K [0x0000000082000000, 0x0000000085e80000, 0x00000000d6000000)
  object space 64000K, 71% used [0x0000000082000000,0x0000000084cb67a0,0x0000000085e80000)
 Metaspace       used 27454K, capacity 28138K, committed 28336K, reserved 1075200K
  class space    used 3241K, capacity 3461K, committed 3504K, reserved 1048576K
GC Heap History (10 events):
Event: 14.783 GC heap before
{Heap before GC invocations=9 (full 1):
 PSYoungGen      total 74240K, used 65536K [0x00000000d6000000, 0x00000000df200000, 0x0000000100000000)
  eden space 65536K, 100% used [0x00000000d6000000,0x00000000da000000,0x00000000da000000)
  from space 8704K, 0% used [0x00000000da000000,0x00000000da000000,0x00000000da880000)
  to   space 9216K, 0% used [0x00000000de900000,0x00000000de900000,0x00000000df200000)
 ParOldGen       total 64000K, used 14605K [0x0000000082000000, 0x0000000085e80000, 0x00000000d6000000)
  object space 64000K, 22% used [0x0000000082000000,0x0000000082e437b0,0x0000000085e80000)
 Metaspace       used 23835K, capacity 24344K, committed 24496K, reserved 1071104K
  class space    used 2777K, capacity 2901K, committed 2992K, reserved 1048576K
Event: 14.807 GC heap after
Heap after GC invocations=9 (full 1):
 PSYoungGen      total 112640K, used 9208K [0x00000000d6000000, 0x00000000df200000, 0x0000000100000000)
  eden space 103424K, 0% used [0x00000000d6000000,0x00000000d6000000,0x00000000dc500000)
  from space 9216K, 99% used [0x00000000de900000,0x00000000df1fe150,0x00000000df200000)
  to   space 11264K, 0% used [0x00000000ddc00000,0x00000000ddc00000,0x00000000de700000)
 ParOldGen       total 64000K, used 17050K [0x0000000082000000, 0x0000000085e80000, 0x00000000d6000000)
  object space 64000K, 26% used [0x0000000082000000,0x00000000830a6a70,0x0000000085e80000)
 Metaspace       used 23835K, capacity 24344K, committed 24496K, reserved 1071104K
  class space    used 2777K, capacity 2901K, committed 2992K, reserved 1048576K
}
Event: 15.623 GC heap before
{Heap before GC invocations=10 (full 1):
 PSYoungGen      total 112640K, used 112632K [0x00000000d6000000, 0x00000000df200000, 0x0000000100000000)
  eden space 103424K, 100% used [0x00000000d6000000,0x00000000dc500000,0x00000000dc500000)
  from space 9216K, 99% used [0x00000000de900000,0x00000000df1fe150,0x00000000df200000)
  to   space 11264K, 0% used [0x00000000ddc00000,0x00000000ddc00000,0x00000000de700000)
 ParOldGen       total 64000K, used 17050K [0x0000000082000000, 0x0000000085e80000, 0x00000000d6000000)
  object space 64000K, 26% used [0x0000000082000000,0x00000000830a6a70,0x0000000085e80000)
 Metaspace       used 23851K, capacity 24376K, committed 24496K, reserved 1071104K
  class space    used 2778K, capacity 2933K, committed 2992K, reserved 1048576K
Event: 15.659 GC heap after
Heap after GC invocations=10 (full 1):
 PSYoungGen      total 138240K, used 11244K [0x00000000d6000000, 0x00000000e0a80000, 0x0000000100000000)
  eden space 126976K, 0% used [0x00000000d6000000,0x00000000d6000000,0x00000000ddc00000)
  from space 11264K, 99% used [0x00000000ddc00000,0x00000000de6fb140,0x00000000de700000)
  to   space 15872K, 0% used [0x00000000dfb00000,0x00000000dfb00000,0x00000000e0a80000)
 ParOldGen       total 64000K, used 26351K [0x0000000082000000, 0x0000000085e80000, 0x00000000d6000000)
  object space 64000K, 41% used [0x0000000082000000,0x00000000839bbf90,0x0000000085e80000)
 Metaspace       used 23851K, capacity 24376K, committed 24496K, reserved 1071104K
  class space    used 2778K, capacity 2933K, committed 2992K, reserved 1048576K
}
Event: 16.564 GC heap before
{Heap before GC invocations=11 (full 1):
 PSYoungGen      total 138240K, used 138220K [0x00000000d6000000, 0x00000000e0a80000, 0x0000000100000000)
  eden space 126976K, 100% used [0x00000000d6000000,0x00000000ddc00000,0x00000000ddc00000)
  from space 11264K, 99% used [0x00000000ddc00000,0x00000000de6fb140,0x00000000de700000)
  to   space 15872K, 0% used [0x00000000dfb00000,0x00000000dfb00000,0x00000000e0a80000)
 ParOldGen       total 64000K, used 26351K [0x0000000082000000, 0x0000000085e80000, 0x00000000d6000000)
  object space 64000K, 41% used [0x0000000082000000,0x00000000839bbf90,0x0000000085e80000)
 Metaspace       used 23853K, capacity 24376K, committed 24496K, reserved 1071104K
  class space    used 2778K, capacity 2933K, committed 2992K, reserved 1048576K
Event: 16.623 GC heap after
Heap after GC invocations=11 (full 1):
 PSYoungGen      total 153088K, used 15869K [0x00000000d6000000, 0x00000000e3a00000, 0x0000000100000000)
  eden space 137216K, 0% used [0x00000000d6000000,0x00000000d6000000,0x00000000de600000)
  from space 15872K, 99% used [0x00000000dfb00000,0x00000000e0a7f498,0x00000000e0a80000)
  to   space 21504K, 0% used [0x00000000de600000,0x00000000de600000,0x00000000dfb00000)
 ParOldGen       total 64000K, used 36856K [0x0000000082000000, 0x0000000085e80000, 0x00000000d6000000)
  object space 64000K, 57% used [0x0000000082000000,0x00000000843fe158,0x0000000085e80000)
 Metaspace       used 23853K, capacity 24376K, committed 24496K, reserved 1071104K
  class space    used 2778K, capacity 2933K, committed 2992K, reserved 1048576K
}
Event: 17.433 GC heap before
{Heap before GC invocations=12 (full 1):
 PSYoungGen      total 153088K, used 153085K [0x00000000d6000000, 0x00000000e3a00000, 0x0000000100000000)
  eden space 137216K, 100% used [0x00000000d6000000,0x00000000de600000,0x00000000de600000)
  from space 15872K, 99% used [0x00000000dfb00000,0x00000000e0a7f498,0x00000000e0a80000)
  to   space 21504K, 0% used [0x00000000de600000,0x00000000de600000,0x00000000dfb00000)
 ParOldGen       total 64000K, used 36856K [0x0000000082000000, 0x0000000085e80000, 0x00000000d6000000)
  object space 64000K, 57% used [0x0000000082000000,0x00000000843fe158,0x0000000085e80000)
 Metaspace       used 23875K, capacity 24444K, committed 24752K, reserved 1071104K
  class space    used 2781K, capacity 2933K, committed 2992K, reserved 1048576K
Event: 17.485 GC heap after
Heap after GC invocations=12 (full 1):
 PSYoungGen      total 158720K, used 21484K [0x00000000d6000000, 0x00000000e5500000, 0x0000000100000000)
  eden space 137216K, 0% used [0x00000000d6000000,0x00000000d6000000,0x00000000de600000)
  from space 21504K, 99% used [0x00000000de600000,0x00000000dfafb148,0x00000000dfb00000)
  to   space 26624K, 0% used [0x00000000e3b00000,0x00000000e3b00000,0x00000000e5500000)
 ParOldGen       total 64000K, used 42916K [0x0000000082000000, 0x0000000085e80000, 0x00000000d6000000)
  object space 64000K, 67% used [0x0000000082000000,0x00000000849e91a8,0x0000000085e80000)
 Metaspace       used 23875K, capacity 24444K, committed 24752K, reserved 1071104K
  class space    used 2781K, capacity 2933K, committed 2992K, reserved 1048576K
}
Event: 18.257 GC heap before
{Heap before GC invocations=13 (full 1):
 PSYoungGen      total 158720K, used 158700K [0x00000000d6000000, 0x00000000e5500000, 0x0000000100000000)
  eden space 137216K, 100% used [0x00000000d6000000,0x00000000de600000,0x00000000de600000)
  from space 21504K, 99% used [0x00000000de600000,0x00000000dfafb148,0x00000000dfb00000)
  to   space 26624K, 0% used [0x00000000e3b00000,0x00000000e3b00000,0x00000000e5500000)
 ParOldGen       total 64000K, used 42916K [0x0000000082000000, 0x0000000085e80000, 0x00000000d6000000)
  object space 64000K, 67% used [0x0000000082000000,0x00000000849e91a8,0x0000000085e80000)
 Metaspace       used 23885K, capacity 24454K, committed 24752K, reserved 1071104K
  class space    used 2783K, capacity 2935K, committed 2992K, reserved 1048576K
Event: 18.304 GC heap after
Heap after GC invocations=13 (full 1):
 PSYoungGen      total 222208K, used 22571K [0x00000000d6000000, 0x00000000e5a80000, 0x0000000100000000)
  eden space 195584K, 0% used [0x00000000d6000000,0x00000000d6000000,0x00000000e1f00000)
  from space 26624K, 84% used [0x00000000e3b00000,0x00000000e510afb0,0x00000000e5500000)
  to   space 28672K, 0% used [0x00000000e1f00000,0x00000000e1f00000,0x00000000e3b00000)
 ParOldGen       total 64000K, used 45785K [0x0000000082000000, 0x0000000085e80000, 0x00000000d6000000)
  object space 64000K, 71% used [0x0000000082000000,0x0000000084cb67a0,0x0000000085e80000)
 Metaspace       used 23885K, capacity 24454K, committed 24752K, reserved 1071104K
  class space    used 2783K, capacity 2935K, committed 2992K, reserved 1048576K
}

