# JRE version: Java(TM) SE Runtime Environment (8.0_144-b01) (build 1.8.0_144-b01)
# Java VM: Java HotSpot(TM) 64-Bit Server VM (25.144-b01 mixed mode windows-amd64 compressed oops)
Heap:
 PSYoungGen      total 231424K, used 200776K [0x00000000d6000000, 0x00000000e6280000, 0x0000000100000000)
  eden space 208896K, 85% used [0x00000000d6000000,0x00000000e0e18688,0x00000000e2c00000)
  from space 22528K, 99% used [0x00000000e2c00000,0x00000000e41f9af8,0x00000000e4200000)
  to   space 16384K, 0% used [0x00000000e4200000,0x00000000e4200000,0x00000000e5200000)
 ParOldGen       total 64512K, used 49155K [0x0000000082000000, 0x0000000085f00000, 0x00000000d6000000)
  object space 64512K, 76% used [0x0000000082000000,0x0000000085000df0,0x0000000085f00000)
 Metaspace       used 23953K, capacity 24550K, committed 24832K, reserved 1071104K
  class space    used 2786K, capacity 2967K, committed 3072K, reserved 1048576K
GC Heap History (10 events):
Event: 13.201 GC heap before
{Heap before GC invocations=6 (full 0):
 PSYoungGen      total 70656K, used 35173K [0x00000000d6000000, 0x00000000df400000, 0x0000000100000000)
  eden space 65536K, 45% used [0x00000000d6000000,0x00000000d7d5b688,0x00000000da000000)
  from space 5120K, 99% used [0x00000000da000000,0x00000000da4fe010,0x00000000da500000)
  to   space 10240K, 0% used [0x00000000dea00000,0x00000000dea00000,0x00000000df400000)
 ParOldGen       total 86016K, used 12122K [0x0000000082000000, 0x0000000087400000, 0x00000000d6000000)
  object space 86016K, 14% used [0x0000000082000000,0x0000000082bd6a50,0x0000000087400000)
 Metaspace       used 20585K, capacity 21108K, committed 21296K, reserved 1069056K
  class space    used 2410K, capacity 2590K, committed 2688K, reserved 1048576K
Event: 13.224 GC heap after
Heap after GC invocations=6 (full 0):
 PSYoungGen      total 140800K, used 8882K [0x00000000d6000000, 0x00000000df500000, 0x0000000100000000)
  eden space 130560K, 0% used [0x00000000d6000000,0x00000000d6000000,0x00000000ddf80000)
  from space 10240K, 86% used [0x00000000dea00000,0x00000000df2ac858,0x00000000df400000)
  to   space 10752K, 0% used [0x00000000ddf80000,0x00000000ddf80000,0x00000000dea00000)
 ParOldGen       total 86016K, used 12122K [0x0000000082000000, 0x0000000087400000, 0x00000000d6000000)
  object space 86016K, 14% used [0x0000000082000000,0x0000000082bd6a50,0x0000000087400000)
 Metaspace       used 20585K, capacity 21108K, committed 21296K, reserved 1069056K
  class space    used 2410K, capacity 2590K, committed 2688K, reserved 1048576K
}
Event: 13.224 GC heap before
{Heap before GC invocations=7 (full 1):
 PSYoungGen      total 140800K, used 8882K [0x00000000d6000000, 0x00000000df500000, 0x0000000100000000)
  eden space 130560K, 0% used [0x00000000d6000000,0x00000000d6000000,0x00000000ddf80000)
  from space 10240K, 86% used [0x00000000dea00000,0x00000000df2ac858,0x00000000df400000)
  to   space 10752K, 0% used [0x00000000ddf80000,0x00000000ddf80000,0x00000000dea00000)
 ParOldGen       total 86016K, used 12122K [0x0000000082000000, 0x0000000087400000, 0x00000000d6000000)
  object space 86016K, 14% used [0x0000000082000000,0x0000000082bd6a50,0x0000000087400000)
 Metaspace       used 20585K, capacity 21108K, committed 21296K, reserved 1069056K
  class space    used 2410K, capacity 2590K, committed 2688K, reserved 1048576K
Event: 13.344 GC heap after
Heap after GC invocations=7 (full 1):
 PSYoungGen      total 140800K, used 0K [0x00000000d6000000, 0x00000000df500000, 0x0000000100000000)
  eden space 130560K, 0% used [0x00000000d6000000,0x00000000d6000000,0x00000000ddf80000)
  from space 10240K, 0% used [0x00000000dea00000,0x00000000dea00000,0x00000000df400000)
  to   space 10752K, 0% used [0x00000000ddf80000,0x00000000ddf80000,0x00000000dea00000)
 ParOldGen       total 64512K, used 14470K [0x0000000082000000, 0x0000000085f00000, 0x00000000d6000000)
  object space 64512K, 22% used [0x0000000082000000,0x0000000082e21968,0x0000000085f00000)
 Metaspace       used 20585K, capacity 21108K, committed 21296K, reserved 1069056K
  class space    used 2410K, capacity 2590K, committed 2688K, reserved 1048576K
}
Event: 15.205 GC heap before
{Heap before GC invocations=8 (full 1):
 PSYoungGen      total 140800K, used 130560K [0x00000000d6000000, 0x00000000df500000, 0x0000000100000000)
  eden space 130560K, 100% used [0x00000000d6000000,0x00000000ddf80000,0x00000000ddf80000)
  from space 10240K, 0% used [0x00000000dea00000,0x00000000dea00000,0x00000000df400000)
  to   space 10752K, 0% used [0x00000000ddf80000,0x00000000ddf80000,0x00000000dea00000)
 ParOldGen       total 64512K, used 14470K [0x0000000082000000, 0x0000000085f00000, 0x00000000d6000000)
  object space 64512K, 22% used [0x0000000082000000,0x0000000082e21968,0x0000000085f00000)
 Metaspace       used 23903K, capacity 24504K, committed 24704K, reserved 1071104K
  class space    used 2779K, capacity 2933K, committed 2944K, reserved 1048576K
Event: 15.244 GC heap after
Heap after GC invocations=8 (full 1):
 PSYoungGen      total 141312K, used 10737K [0x00000000d6000000, 0x00000000e5200000, 0x0000000100000000)
  eden space 130560K, 0% used [0x00000000d6000000,0x00000000d6000000,0x00000000ddf80000)
  from space 10752K, 99% used [0x00000000ddf80000,0x00000000de9fc7a0,0x00000000dea00000)
  to   space 16384K, 0% used [0x00000000e4200000,0x00000000e4200000,0x00000000e5200000)
 ParOldGen       total 64512K, used 24008K [0x0000000082000000, 0x0000000085f00000, 0x00000000d6000000)
  object space 64512K, 37% used [0x0000000082000000,0x0000000083772100,0x0000000085f00000)
 Metaspace       used 23903K, capacity 24504K, committed 24704K, reserved 1071104K
  class space    used 2779K, capacity 2933K, committed 2944K, reserved 1048576K
}
Event: 16.307 GC heap before
{Heap before GC invocations=9 (full 1):
 PSYoungGen      total 141312K, used 141297K [0x00000000d6000000, 0x00000000e5200000, 0x0000000100000000)
  eden space 130560K, 100% used [0x00000000d6000000,0x00000000ddf80000,0x00000000ddf80000)
  from space 10752K, 99% used [0x00000000ddf80000,0x00000000de9fc7a0,0x00000000dea00000)
  to   space 16384K, 0% used [0x00000000e4200000,0x00000000e4200000,0x00000000e5200000)
 ParOldGen       total 64512K, used 24008K [0x0000000082000000, 0x0000000085f00000, 0x00000000d6000000)
  object space 64512K, 37% used [0x0000000082000000,0x0000000083772100,0x0000000085f00000)
 Metaspace       used 23906K, capacity 24504K, committed 24704K, reserved 1071104K
  class space    used 2779K, capacity 2933K, committed 2944K, reserved 1048576K
Event: 16.338 GC heap after
Heap after GC invocations=9 (full 1):
 PSYoungGen      total 225280K, used 16354K [0x00000000d6000000, 0x00000000e6280000, 0x0000000100000000)
  eden space 208896K, 0% used [0x00000000d6000000,0x00000000d6000000,0x00000000e2c00000)
  from space 16384K, 99% used [0x00000000e4200000,0x00000000e51f8868,0x00000000e5200000)
  to   space 22528K, 0% used [0x00000000e2c00000,0x00000000e2c00000,0x00000000e4200000)
 ParOldGen       total 64512K, used 33177K [0x0000000082000000, 0x0000000085f00000, 0x00000000d6000000)
  object space 64512K, 51% used [0x0000000082000000,0x0000000084066788,0x0000000085f00000)
 Metaspace       used 23906K, capacity 24504K, committed 24704K, reserved 1071104K
  class space    used 2779K, capacity 2933K, committed 2944K, reserved 1048576K
}
Event: 17.538 GC heap before
{Heap before GC invocations=10 (full 1):
 PSYoungGen      total 225280K, used 225250K [0x00000000d6000000, 0x00000000e6280000, 0x0000000100000000)
  eden space 208896K, 100% used [0x00000000d6000000,0x00000000e2c00000,0x00000000e2c00000)
  from space 16384K, 99% used [0x00000000e4200000,0x00000000e51f8868,0x00000000e5200000)
  to   space 22528K, 0% used [0x00000000e2c00000,0x00000000e2c00000,0x00000000e4200000)
 ParOldGen       total 64512K, used 33177K [0x0000000082000000, 0x0000000085f00000, 0x00000000d6000000)
  object space 64512K, 51% used [0x0000000082000000,0x0000000084066788,0x0000000085f00000)
 Metaspace       used 23934K, capacity 24540K, committed 24832K, reserved 1071104K
  class space    used 2782K, capacity 2965K, committed 3072K, reserved 1048576K
Event: 17.609 GC heap after
Heap after GC invocations=10 (full 1):
 PSYoungGen      total 231424K, used 22502K [0x00000000d6000000, 0x00000000e6280000, 0x0000000100000000)
  eden space 208896K, 0% used [0x00000000d6000000,0x00000000d6000000,0x00000000e2c00000)
  from space 22528K, 99% used [0x00000000e2c00000,0x00000000e41f9af8,0x00000000e4200000)
  to   space 16384K, 0% used [0x00000000e4200000,0x00000000e4200000,0x00000000e5200000)
 ParOldGen       total 64512K, used 49155K [0x0000000082000000, 0x0000000085f00000, 0x00000000d6000000)
  object space 64512K, 76% used [0x0000000082000000,0x0000000085000df0,0x0000000085f00000)
 Metaspace       used 23934K, capacity 24540K, committed 24832K, reserved 1071104K
  class space    used 2782K, capacity 2965K, committed 3072K, reserved 1048576K
}

