# JRE version: Java(TM) SE Runtime Environment (8.0_144-b01) (build 1.8.0_144-b01)
# Java VM: Java HotSpot(TM) 64-Bit Server VM (25.144-b01 mixed mode windows-amd64 compressed oops)
Heap:
 PSYoungGen      total 100352K, used 76844K [0x00000000d6000000, 0x00000000df880000, 0x0000000100000000)
  eden space 85504K, 72% used [0x00000000d6000000,0x00000000d9c8b6f8,0x00000000db380000)
  from space 14848K, 99% used [0x00000000db380000,0x00000000dc1ff918,0x00000000dc200000)
  to   space 17408K, 0% used [0x00000000de780000,0x00000000de780000,0x00000000df880000)
 ParOldGen       total 66048K, used 28989K [0x0000000082000000, 0x0000000086080000, 0x00000000d6000000)
  object space 66048K, 43% used [0x0000000082000000,0x0000000083c4f5f8,0x0000000086080000)
 Metaspace       used 23934K, capacity 24546K, committed 24832K, reserved 1071104K
  class space    used 2785K, capacity 2967K, committed 3072K, reserved 1048576K
GC Heap History (10 events):
Event: 15.186 GC heap before
{Heap before GC invocations=8 (full 1):
 PSYoungGen      total 74240K, used 8518K [0x00000000d6000000, 0x00000000db100000, 0x0000000100000000)
  eden space 65536K, 0% used [0x00000000d6000000,0x00000000d6000000,0x00000000da000000)
  from space 8704K, 97% used [0x00000000da000000,0x00000000da851818,0x00000000da880000)
  to   space 8192K, 0% used [0x00000000da900000,0x00000000da900000,0x00000000db100000)
 ParOldGen       total 86016K, used 11977K [0x0000000082000000, 0x0000000087400000, 0x00000000d6000000)
  object space 86016K, 13% used [0x0000000082000000,0x0000000082bb2508,0x0000000087400000)
 Metaspace       used 20587K, capacity 21108K, committed 21296K, reserved 1069056K
  class space    used 2410K, capacity 2590K, committed 2688K, reserved 1048576K
Event: 15.426 GC heap after
Heap after GC invocations=8 (full 1):
 PSYoungGen      total 74240K, used 0K [0x00000000d6000000, 0x00000000db100000, 0x0000000100000000)
  eden space 65536K, 0% used [0x00000000d6000000,0x00000000d6000000,0x00000000da000000)
  from space 8704K, 0% used [0x00000000da000000,0x00000000da000000,0x00000000da880000)
  to   space 8192K, 0% used [0x00000000da900000,0x00000000da900000,0x00000000db100000)
 ParOldGen       total 66048K, used 15141K [0x0000000082000000, 0x0000000086080000, 0x00000000d6000000)
  object space 66048K, 22% used [0x0000000082000000,0x0000000082ec9680,0x0000000086080000)
 Metaspace       used 20587K, capacity 21108K, committed 21296K, reserved 1069056K
  class space    used 2410K, capacity 2590K, committed 2688K, reserved 1048576K
}
Event: 17.199 GC heap before
{Heap before GC invocations=9 (full 1):
 PSYoungGen      total 74240K, used 65536K [0x00000000d6000000, 0x00000000db100000, 0x0000000100000000)
  eden space 65536K, 100% used [0x00000000d6000000,0x00000000da000000,0x00000000da000000)
  from space 8704K, 0% used [0x00000000da000000,0x00000000da000000,0x00000000da880000)
  to   space 8192K, 0% used [0x00000000da900000,0x00000000da900000,0x00000000db100000)
 ParOldGen       total 66048K, used 15141K [0x0000000082000000, 0x0000000086080000, 0x00000000d6000000)
  object space 66048K, 22% used [0x0000000082000000,0x0000000082ec9680,0x0000000086080000)
 Metaspace       used 23877K, capacity 24472K, committed 24832K, reserved 1071104K
  class space    used 2782K, capacity 2965K, committed 3072K, reserved 1048576K
Event: 17.226 GC heap after
Heap after GC invocations=9 (full 1):
 PSYoungGen      total 71680K, used 8172K [0x00000000d6000000, 0x00000000dd800000, 0x0000000100000000)
  eden space 63488K, 0% used [0x00000000d6000000,0x00000000d6000000,0x00000000d9e00000)
  from space 8192K, 99% used [0x00000000da900000,0x00000000db0fb118,0x00000000db100000)
  to   space 11264K, 0% used [0x00000000d9e00000,0x00000000d9e00000,0x00000000da900000)
 ParOldGen       total 66048K, used 18880K [0x0000000082000000, 0x0000000086080000, 0x00000000d6000000)
  object space 66048K, 28% used [0x0000000082000000,0x0000000083270328,0x0000000086080000)
 Metaspace       used 23877K, capacity 24472K, committed 24832K, reserved 1071104K
  class space    used 2782K, capacity 2965K, committed 3072K, reserved 1048576K
}
Event: 17.937 GC heap before
{Heap before GC invocations=10 (full 1):
 PSYoungGen      total 71680K, used 71660K [0x00000000d6000000, 0x00000000dd800000, 0x0000000100000000)
  eden space 63488K, 100% used [0x00000000d6000000,0x00000000d9e00000,0x00000000d9e00000)
  from space 8192K, 99% used [0x00000000da900000,0x00000000db0fb118,0x00000000db100000)
  to   space 11264K, 0% used [0x00000000d9e00000,0x00000000d9e00000,0x00000000da900000)
 ParOldGen       total 66048K, used 18880K [0x0000000082000000, 0x0000000086080000, 0x00000000d6000000)
  object space 66048K, 28% used [0x0000000082000000,0x0000000083270328,0x0000000086080000)
 Metaspace       used 23910K, capacity 24536K, committed 24832K, reserved 1071104K
  class space    used 2782K, capacity 2965K, committed 3072K, reserved 1048576K
Event: 17.964 GC heap after
Heap after GC invocations=10 (full 1):
 PSYoungGen      total 74752K, used 11258K [0x00000000d6000000, 0x00000000dcf80000, 0x0000000100000000)
  eden space 63488K, 0% used [0x00000000d6000000,0x00000000d6000000,0x00000000d9e00000)
  from space 11264K, 99% used [0x00000000d9e00000,0x00000000da8fe8f8,0x00000000da900000)
  to   space 13824K, 0% used [0x00000000dc200000,0x00000000dc200000,0x00000000dcf80000)
 ParOldGen       total 66048K, used 22575K [0x0000000082000000, 0x0000000086080000, 0x00000000d6000000)
  object space 66048K, 34% used [0x0000000082000000,0x000000008360bd20,0x0000000086080000)
 Metaspace       used 23910K, capacity 24536K, committed 24832K, reserved 1071104K
  class space    used 2782K, capacity 2965K, committed 3072K, reserved 1048576K
}
Event: 18.915 GC heap before
{Heap before GC invocations=11 (full 1):
 PSYoungGen      total 74752K, used 74746K [0x00000000d6000000, 0x00000000dcf80000, 0x0000000100000000)
  eden space 63488K, 100% used [0x00000000d6000000,0x00000000d9e00000,0x00000000d9e00000)
  from space 11264K, 99% used [0x00000000d9e00000,0x00000000da8fe8f8,0x00000000da900000)
  to   space 13824K, 0% used [0x00000000dc200000,0x00000000dc200000,0x00000000dcf80000)
 ParOldGen       total 66048K, used 22575K [0x0000000082000000, 0x0000000086080000, 0x00000000d6000000)
  object space 66048K, 34% used [0x0000000082000000,0x000000008360bd20,0x0000000086080000)
 Metaspace       used 23928K, capacity 24546K, committed 24832K, reserved 1071104K
  class space    used 2784K, capacity 2967K, committed 3072K, reserved 1048576K
Event: 18.941 GC heap after
Heap after GC invocations=11 (full 1):
 PSYoungGen      total 99328K, used 13502K [0x00000000d6000000, 0x00000000dd180000, 0x0000000100000000)
  eden space 85504K, 0% used [0x00000000d6000000,0x00000000d6000000,0x00000000db380000)
  from space 13824K, 97% used [0x00000000dc200000,0x00000000dcf2f9d8,0x00000000dcf80000)
  to   space 14848K, 0% used [0x00000000db380000,0x00000000db380000,0x00000000dc200000)
 ParOldGen       total 66048K, used 25814K [0x0000000082000000, 0x0000000086080000, 0x00000000d6000000)
  object space 66048K, 39% used [0x0000000082000000,0x0000000083935818,0x0000000086080000)
 Metaspace       used 23928K, capacity 24546K, committed 24832K, reserved 1071104K
  class space    used 2784K, capacity 2967K, committed 3072K, reserved 1048576K
}
Event: 19.578 GC heap before
{Heap before GC invocations=12 (full 1):
 PSYoungGen      total 99328K, used 99006K [0x00000000d6000000, 0x00000000dd180000, 0x0000000100000000)
  eden space 85504K, 100% used [0x00000000d6000000,0x00000000db380000,0x00000000db380000)
  from space 13824K, 97% used [0x00000000dc200000,0x00000000dcf2f9d8,0x00000000dcf80000)
  to   space 14848K, 0% used [0x00000000db380000,0x00000000db380000,0x00000000dc200000)
 ParOldGen       total 66048K, used 25814K [0x0000000082000000, 0x0000000086080000, 0x00000000d6000000)
  object space 66048K, 39% used [0x0000000082000000,0x0000000083935818,0x0000000086080000)
 Metaspace       used 23932K, capacity 24546K, committed 24832K, reserved 1071104K
  class space    used 2784K, capacity 2967K, committed 3072K, reserved 1048576K
Event: 19.623 GC heap after
Heap after GC invocations=12 (full 1):
 PSYoungGen      total 100352K, used 14846K [0x00000000d6000000, 0x00000000df880000, 0x0000000100000000)
  eden space 85504K, 0% used [0x00000000d6000000,0x00000000d6000000,0x00000000db380000)
  from space 14848K, 99% used [0x00000000db380000,0x00000000dc1ff918,0x00000000dc200000)
  to   space 17408K, 0% used [0x00000000de780000,0x00000000de780000,0x00000000df880000)
 ParOldGen       total 66048K, used 28989K [0x0000000082000000, 0x0000000086080000, 0x00000000d6000000)
  object space 66048K, 43% used [0x0000000082000000,0x0000000083c4f5f8,0x0000000086080000)
 Metaspace       used 23932K, capacity 24546K, committed 24832K, reserved 1071104K
  class space    used 2784K, capacity 2967K, committed 3072K, reserved 1048576K
}

